<?xml version="1.0" encoding="UTF-8"?>
<TestRun id="d1ed4615-9bcd-4a13-bbb5-8094889f2f47" name="Mant@MANT01 2015-03-09 21:48:59" runUser="MANT01\Mant" xmlns="http://microsoft.com/schemas/VisualStudio/TeamTest/2010">
  <TestSettings name="Параметры тестирования по умолчанию" id="d9551069-07dd-42d4-bab4-f7d3353ed2cf">
    <Deployment runDeploymentRoot="Mant_MANT01 2015-03-09 21_48_59">
      <DeploymentItem filename="C:\Users\Mant\Documents\GitHub\TestoChaVpf\SrcChess2\bin\Debug\SrcChess2.exe" />
    </Deployment>
    <Execution>
      <TestTypeSpecific />
      <AgentRule name="Execution Agents">
      </AgentRule>
    </Execution>
  </TestSettings>
  <Times creation="2015-03-09T21:48:59.5711499+03:00" queuing="2015-03-09T21:49:01.1180249+03:00" start="2015-03-09T21:49:01.2742749+03:00" finish="2015-03-09T21:50:28.8436109+03:00" />
  <ResultSummary outcome="Completed">
    <Counters total="1" executed="1" passed="1" error="0" failed="0" timeout="0" aborted="0" inconclusive="0" passedButRunAborted="0" notRunnable="0" notExecuted="0" disconnected="0" warning="0" completed="0" inProgress="0" pending="0" />
  </ResultSummary>
  <TestDefinitions>
    <UnitTest name="LoadBoardTest" storage="c:\users\mant\documents\github\testochavpf\testomy\bin\debug\testomy.dll" id="974e93c6-c691-f6e4-84a6-0f037f978abc">
      <Execution id="4a62fcd7-167f-447c-bbda-2ecda33037fa" />
      <TestMethod codeBase="C:/Users/Mant/Documents/GitHub/TestoChaVpf/TestoMy/bin/Debug/TestoMy.DLL" adapterTypeName="Microsoft.VisualStudio.TestTools.TestTypes.Unit.UnitTestAdapter, Microsoft.VisualStudio.QualityTools.Tips.UnitTest.Adapter, Version=10.0.0.0, Culture=neutral, PublicKeyToken=b03f5f7f11d50a3a" className="TestoMy.ChessBoardTest, TestoMy, Version=1.0.0.0, Culture=neutral, PublicKeyToken=null" name="LoadBoardTest" />
    </UnitTest>
  </TestDefinitions>
  <TestLists>
    <TestList name="Отсутствующие в списке результаты" id="8c84fa94-04c1-424b-9868-57a2d4851a1d" />
    <TestList name="Все загруженные результаты" id="19431567-8539-422a-85d7-44ee4e166bda" />
  </TestLists>
  <TestEntries>
    <TestEntry testId="974e93c6-c691-f6e4-84a6-0f037f978abc" executionId="4a62fcd7-167f-447c-bbda-2ecda33037fa" testListId="8c84fa94-04c1-424b-9868-57a2d4851a1d" />
  </TestEntries>
  <Results>
    <UnitTestResult executionId="4a62fcd7-167f-447c-bbda-2ecda33037fa" testId="974e93c6-c691-f6e4-84a6-0f037f978abc" testName="LoadBoardTest" computerName="MANT01" duration="00:01:25.3709931" startTime="2015-03-09T21:49:01.3836499+03:00" endTime="2015-03-09T21:50:27.7186109+03:00" testType="13cdc9d9-ddb5-4fa4-a97d-d965ccfc6d4b" outcome="Passed" testListId="8c84fa94-04c1-424b-9868-57a2d4851a1d" relativeResultsDirectory="4a62fcd7-167f-447c-bbda-2ecda33037fa">
    </UnitTestResult>
  </Results>
</TestRun>