<?xml version="1.0" encoding="UTF-8"?>
<TestRun id="f79b74d0-6ce7-41ba-acaa-2b5655c77a68" name="Mant@MANT01 2015-03-09 19:55:00" runUser="MANT01\Mant" xmlns="http://microsoft.com/schemas/VisualStudio/TeamTest/2010">
  <TestSettings name="Параметры тестирования по умолчанию" id="fe1732bc-bd53-4307-9a27-c2cd452712ad">
    <Deployment runDeploymentRoot="Mant_MANT01 2015-03-09 19_55_00">
      <DeploymentItem filename="C:\Users\Mant\Documents\GitHub\TestoChaVpf\SrcChess2\bin\Debug\SrcChess2.exe" />
    </Deployment>
    <Execution>
      <TestTypeSpecific />
      <AgentRule name="Execution Agents">
      </AgentRule>
    </Execution>
  </TestSettings>
  <Times creation="2015-03-09T19:55:00.7139021+03:00" queuing="2015-03-09T19:55:06.1826521+03:00" start="2015-03-09T19:55:06.5576521+03:00" finish="2015-03-09T19:58:10.6982771+03:00" />
  <ResultSummary outcome="Failed">
    <Counters total="1" executed="1" error="0" failed="1" timeout="0" aborted="0" inconclusive="0" passedButRunAborted="0" notRunnable="0" notExecuted="0" disconnected="0" warning="0" passed="0" completed="0" inProgress="0" pending="0" />
  </ResultSummary>
  <TestDefinitions>
    <UnitTest name="LoadBoardTest" storage="c:\users\mant\documents\github\testochavpf\testomy\bin\debug\testomy.dll" id="974e93c6-c691-f6e4-84a6-0f037f978abc">
      <Execution id="5f49fd53-cbcb-4779-af05-02c8f26a2237" />
      <TestMethod codeBase="C:/Users/Mant/Documents/GitHub/TestoChaVpf/TestoMy/bin/Debug/TestoMy.DLL" adapterTypeName="Microsoft.VisualStudio.TestTools.TestTypes.Unit.UnitTestAdapter, Microsoft.VisualStudio.QualityTools.Tips.UnitTest.Adapter, Version=10.0.0.0, Culture=neutral, PublicKeyToken=b03f5f7f11d50a3a" className="TestoMy.ChessBoardTest, TestoMy, Version=1.0.0.0, Culture=neutral, PublicKeyToken=null" name="LoadBoardTest" />
    </UnitTest>
  </TestDefinitions>
  <TestLists>
    <TestList name="Отсутствующие в списке результаты" id="8c84fa94-04c1-424b-9868-57a2d4851a1d" />
    <TestList name="Все загруженные результаты" id="19431567-8539-422a-85d7-44ee4e166bda" />
  </TestLists>
  <TestEntries>
    <TestEntry testId="974e93c6-c691-f6e4-84a6-0f037f978abc" executionId="5f49fd53-cbcb-4779-af05-02c8f26a2237" testListId="8c84fa94-04c1-424b-9868-57a2d4851a1d" />
  </TestEntries>
  <Results>
    <UnitTestResult executionId="5f49fd53-cbcb-4779-af05-02c8f26a2237" testId="974e93c6-c691-f6e4-84a6-0f037f978abc" testName="LoadBoardTest" computerName="MANT01" duration="00:03:02.0648963" startTime="2015-03-09T19:55:06.9326521+03:00" endTime="2015-03-09T19:58:10.5264021+03:00" testType="13cdc9d9-ddb5-4fa4-a97d-d965ccfc6d4b" outcome="Failed" testListId="8c84fa94-04c1-424b-9868-57a2d4851a1d" relativeResultsDirectory="5f49fd53-cbcb-4779-af05-02c8f26a2237">
      <Output>
        <ErrorInfo>
          <Message>Ошибка в Assert.AreEqual. Ожидается: &lt;True&gt;. Фактически: &lt;False&gt;. </Message>
          <StackTrace>   в TestoMy.ChessBoardTest.LoadBoardTest() в C:\Users\Mant\Documents\GitHub\TestoChaVpf\TestoMy\ChessBoardTest.cs:строка 100
</StackTrace>
        </ErrorInfo>
      </Output>
    </UnitTestResult>
  </Results>
</TestRun>